<?xml version="1.0" encoding="utf-8"?><testsuites name="pytest tests"><testsuite name="pytest" errors="0" failures="0" skipped="0" tests="5" time="1.200" timestamp="2026-06-21T09:10:47.358453+00:00" hostname="agent-env-d0c23327-7edd-4b82-beca-f48bce75774d"><testcase classname="backend.tests.test_backend_api" name="test_root" time="0.559" /><testcase classname="backend.tests.test_backend_api" name="test_workflow_status" time="0.311" /><testcase classname="backend.tests.test_backend_api" name="test_emails_processed" time="0.087" /><testcase classname="backend.tests.test_backend_api" name="test_errors" time="0.091" /><testcase classname="backend.tests.test_backend_api" name="test_oauth_login_redirect" time="0.089" /></testsuite></testsuites>